[28.10.2025, 11:02:29] SYSTEM: ========================================
[28.10.2025, 11:02:29] SYSTEM: Application started
[28.10.2025, 11:02:29] SYSTEM: Log file: C:\Users\black\Desktop\IIKO\logs\28.10.25 11.02\olap.log
[28.10.2025, 11:02:29] SYSTEM: ========================================
[28.10.2025, 11:02:29] SYSTEM: Electron app ready
[28.10.2025, 11:02:29] SYSTEM: Creating main window...
[28.10.2025, 11:02:33] AUTH: AUTH START
[28.10.2025, 11:02:33] AUTH: AUTH TRY GET https://esmee-izh.iiko.it/resto/api/v2/auth?login=Nikita&pass=6371a5630b9dc4ebd3cd2b721357f87eee6c5f0c
[28.10.2025, 11:02:33] AUTH: AUTH OK, key=347c15...
[28.10.2025, 11:02:33] DICT: ========================================
[28.10.2025, 11:02:33] DICT: Loading dictionaries...
[28.10.2025, 11:02:33] DICT: Loading stores...
[28.10.2025, 11:02:33] DICT: Trying: GET https://esmee-izh.iiko.it/resto/api/corporation/stores?key=347c1572-bd88-1bb0-80ef-b42cd7d79b5e
[28.10.2025, 11:02:33] DICT: Response is array, length: 3
[28.10.2025, 11:02:33] DICT: Processing 3 potential stores...
[28.10.2025, 11:02:33] DICT: Trying: GET https://esmee-izh.iiko.it/resto/api/departments?key=347c1572-bd88-1bb0-80ef-b42cd7d79b5e
[28.10.2025, 11:02:33] DICT: Endpoint failed: Request failed with status code 404
[28.10.2025, 11:02:33] DICT: Trying: GET https://esmee-izh.iiko.it/resto/api/v2/entities/departments/list?key=347c1572-bd88-1bb0-80ef-b42cd7d79b5e
[28.10.2025, 11:02:33] DICT: Endpoint failed: Request failed with status code 404
[28.10.2025, 11:02:33] DICT: Trying: GET https://esmee-izh.iiko.it/resto/api/corporation/departments?key=347c1572-bd88-1bb0-80ef-b42cd7d79b5e
[28.10.2025, 11:02:34] DICT: Response is array, length: 3
[28.10.2025, 11:02:34] DICT: Processing 3 potential stores...
[28.10.2025, 11:02:34] DICT: ✅ Loaded 0 store mappings
[28.10.2025, 11:02:34] DICT: Loading accounts...
[28.10.2025, 11:02:34] DICT: Endpoint failed: Request failed with status code 404
[28.10.2025, 11:02:34] DICT: Endpoint failed: Request failed with status code 404
[28.10.2025, 11:02:34] DICT: ✅ Loaded 54 accounts
[28.10.2025, 11:02:34] DICT: Loading conceptions...
[28.10.2025, 11:02:34] DICT: Endpoint failed: Request failed with status code 404
[28.10.2025, 11:02:34] DICT: Endpoint failed: Request failed with status code 404
[28.10.2025, 11:02:34] DICT: ✅ Loaded 0 conceptions
[28.10.2025, 11:02:34] DICT: Loading products...
[28.10.2025, 11:02:34] DICT: ✅ Loaded 1701 products
[28.10.2025, 11:02:34] DICT: ========================================
[28.10.2025, 11:02:35] OLAP: ========================================
[28.10.2025, 11:02:35] OLAP: OLAP REQUEST START
[28.10.2025, 11:02:35] OLAP: Report type: writeoffs
[28.10.2025, 11:02:35] WRITEOFFS: ========================================
[28.10.2025, 11:02:35] WRITEOFFS: GET WRITE-OFFS START
[28.10.2025, 11:02:35] WRITEOFFS: Request: GET https://esmee-izh.iiko.it/resto/api/v2/documents/writeoff?key=347c1572-bd88-1bb0-80ef-b42cd7d79b5e&dateFrom=2025-10-21&dateTo=2025-10-28
[28.10.2025, 11:02:35] WRITEOFFS: ✅ Found 63 writeoff documents
[28.10.2025, 11:02:35] WRITEOFFS: ✅ Processed 63 writeoff documents
[28.10.2025, 11:02:40] OLAP: ========================================
[28.10.2025, 11:02:40] OLAP: OLAP REQUEST START
[28.10.2025, 11:02:40] OLAP: Report type: guests
[28.10.2025, 11:02:40] OLAP: Request POST https://esmee-izh.iiko.it/resto/api/v2/reports/olap?key=347c1572-bd88-1bb0-80ef-b42cd7d79b5e
[28.10.2025, 11:02:41] OLAP: Response status: 200
[28.10.2025, 11:02:41] OLAP: ========================================
[28.10.2025, 11:02:46] OLAP: ========================================
[28.10.2025, 11:02:46] OLAP: OLAP REQUEST START
[28.10.2025, 11:02:46] OLAP: Report type: waiters
[28.10.2025, 11:02:46] OLAP: Request POST https://esmee-izh.iiko.it/resto/api/v2/reports/olap?key=347c1572-bd88-1bb0-80ef-b42cd7d79b5e
[28.10.2025, 11:02:46] OLAP: Response status: 200
[28.10.2025, 11:02:46] OLAP: ========================================
[28.10.2025, 11:02:48] OLAP: ========================================
[28.10.2025, 11:02:48] OLAP: OLAP REQUEST START
[28.10.2025, 11:02:48] OLAP: Report type: hourly
[28.10.2025, 11:02:48] OLAP: Request POST https://esmee-izh.iiko.it/resto/api/v2/reports/olap?key=347c1572-bd88-1bb0-80ef-b42cd7d79b5e
[28.10.2025, 11:02:48] OLAP: Response status: 200
[28.10.2025, 11:02:48] OLAP: ========================================
[28.10.2025, 11:23:05] SYSTEM: Main window closed
[28.10.2025, 11:23:05] SYSTEM: All windows closed
