[28.10.2025, 10:24:05] SYSTEM: ========================================
[28.10.2025, 10:24:05] SYSTEM: Application started
[28.10.2025, 10:24:05] SYSTEM: Log file: C:\Users\black\Desktop\IIKO\logs\28.10.25 10.24\olap.log
[28.10.2025, 10:24:05] SYSTEM: ========================================
[28.10.2025, 10:24:05] SYSTEM: Electron app ready
[28.10.2025, 10:24:05] SYSTEM: Creating main window...
[28.10.2025, 10:24:11] AUTH: AUTH START
[28.10.2025, 10:24:11] AUTH: AUTH TRY GET https://esmee-izh.iiko.it/resto/api/v2/auth?login=Nikita&pass=6371a5630b9dc4ebd3cd2b721357f87eee6c5f0c
[28.10.2025, 10:24:11] AUTH: AUTH OK, key=59440f...
[28.10.2025, 10:24:11] DICT: ========================================
[28.10.2025, 10:24:11] DICT: Loading dictionaries...
[28.10.2025, 10:24:11] DICT: Loading stores...
[28.10.2025, 10:24:11] DICT: Trying: GET https://esmee-izh.iiko.it/resto/api/corporation/stores?key=59440fe7-e1d6-b81f-e811-71aa2c8e0a10
[28.10.2025, 10:24:11] DICT: Response is array, length: 3
[28.10.2025, 10:24:11] DICT: Processing 3 potential stores...
[28.10.2025, 10:24:11] DICT: Trying: GET https://esmee-izh.iiko.it/resto/api/departments?key=59440fe7-e1d6-b81f-e811-71aa2c8e0a10
[28.10.2025, 10:24:11] DICT: Endpoint failed: Request failed with status code 404
[28.10.2025, 10:24:11] DICT: Trying: GET https://esmee-izh.iiko.it/resto/api/v2/entities/departments/list?key=59440fe7-e1d6-b81f-e811-71aa2c8e0a10
[28.10.2025, 10:24:11] DICT: Endpoint failed: Request failed with status code 404
[28.10.2025, 10:24:11] DICT: Trying: GET https://esmee-izh.iiko.it/resto/api/corporation/departments?key=59440fe7-e1d6-b81f-e811-71aa2c8e0a10
[28.10.2025, 10:24:11] DICT: Response is array, length: 3
[28.10.2025, 10:24:11] DICT: Processing 3 potential stores...
[28.10.2025, 10:24:11] DICT: ✅ Loaded 0 store mappings
[28.10.2025, 10:24:11] DICT: Loading accounts...
[28.10.2025, 10:24:11] DICT: Endpoint failed: Request failed with status code 404
[28.10.2025, 10:24:11] DICT: Endpoint failed: Request failed with status code 404
[28.10.2025, 10:24:12] DICT: ✅ Loaded 54 accounts
[28.10.2025, 10:24:12] DICT: Loading conceptions...
[28.10.2025, 10:24:12] DICT: Endpoint failed: Request failed with status code 404
[28.10.2025, 10:24:12] DICT: Endpoint failed: Request failed with status code 404
[28.10.2025, 10:24:12] DICT: ✅ Loaded 0 conceptions
[28.10.2025, 10:24:12] DICT: Loading products...
[28.10.2025, 10:24:12] DICT: ✅ Loaded 1701 products
[28.10.2025, 10:24:12] DICT: ========================================
[28.10.2025, 10:24:13] OLAP: ========================================
[28.10.2025, 10:24:13] OLAP: OLAP REQUEST START
[28.10.2025, 10:24:13] OLAP: Report type: writeoffs
[28.10.2025, 10:24:13] WRITEOFFS: ========================================
[28.10.2025, 10:24:13] WRITEOFFS: GET WRITE-OFFS START
[28.10.2025, 10:24:13] WRITEOFFS: Request: GET https://esmee-izh.iiko.it/resto/api/v2/documents/writeoff?key=59440fe7-e1d6-b81f-e811-71aa2c8e0a10&dateFrom=2025-10-21&dateTo=2025-10-28
[28.10.2025, 10:24:13] WRITEOFFS: ✅ Found 63 writeoff documents
[28.10.2025, 10:24:13] WRITEOFFS: ✅ Processed 63 writeoff documents
[28.10.2025, 10:24:34] OLAP: ========================================
[28.10.2025, 10:24:34] OLAP: OLAP REQUEST START
[28.10.2025, 10:24:34] OLAP: Report type: guests
[28.10.2025, 10:24:34] OLAP: Request POST https://esmee-izh.iiko.it/resto/api/v2/reports/olap?key=59440fe7-e1d6-b81f-e811-71aa2c8e0a10
[28.10.2025, 10:24:35] OLAP: Response status: 200
[28.10.2025, 10:24:35] OLAP: ========================================
[28.10.2025, 10:24:47] OLAP: ========================================
[28.10.2025, 10:24:47] OLAP: OLAP REQUEST START
[28.10.2025, 10:24:47] OLAP: Report type: guests
[28.10.2025, 10:24:47] OLAP: Request POST https://esmee-izh.iiko.it/resto/api/v2/reports/olap?key=59440fe7-e1d6-b81f-e811-71aa2c8e0a10
[28.10.2025, 10:24:47] OLAP: Response status: 200
[28.10.2025, 10:24:47] OLAP: ========================================
[28.10.2025, 10:24:55] OLAP: ========================================
[28.10.2025, 10:24:55] OLAP: OLAP REQUEST START
[28.10.2025, 10:24:55] OLAP: Report type: waiters
[28.10.2025, 10:24:55] OLAP: Request POST https://esmee-izh.iiko.it/resto/api/v2/reports/olap?key=59440fe7-e1d6-b81f-e811-71aa2c8e0a10
[28.10.2025, 10:24:55] OLAP: Response status: 200
[28.10.2025, 10:24:55] OLAP: ========================================
[28.10.2025, 10:25:03] OLAP: ========================================
[28.10.2025, 10:25:03] OLAP: OLAP REQUEST START
[28.10.2025, 10:25:03] OLAP: Report type: hourly
[28.10.2025, 10:25:03] OLAP: Request POST https://esmee-izh.iiko.it/resto/api/v2/reports/olap?key=59440fe7-e1d6-b81f-e811-71aa2c8e0a10
[28.10.2025, 10:25:03] OLAP: Response status: 200
[28.10.2025, 10:25:03] OLAP: ========================================
[28.10.2025, 10:44:36] SYSTEM: Main window closed
[28.10.2025, 10:44:36] SYSTEM: All windows closed
