[28.10.2025, 09:21:45] SYSTEM: ========================================
[28.10.2025, 09:21:45] SYSTEM: Application started
[28.10.2025, 09:21:45] SYSTEM: Log file: C:\Users\black\Desktop\IIKO\logs\28.10.25 09.21\olap.log
[28.10.2025, 09:21:45] SYSTEM: ========================================
[28.10.2025, 09:21:45] SYSTEM: Electron app ready
[28.10.2025, 09:21:45] SYSTEM: Creating main window...
[28.10.2025, 09:21:48] AUTH: AUTH START
[28.10.2025, 09:21:48] AUTH: AUTH TRY GET https://esmee-izh.iiko.it/resto/api/v2/auth?login=Nikita&pass=6371a5630b9dc4ebd3cd2b721357f87eee6c5f0c
[28.10.2025, 09:21:49] AUTH: AUTH OK, key=7e72e8...
[28.10.2025, 09:21:49] DICT: ========================================
[28.10.2025, 09:21:49] DICT: Loading dictionaries...
[28.10.2025, 09:21:49] DICT: Loading stores...
[28.10.2025, 09:21:49] DICT: Trying: GET https://esmee-izh.iiko.it/resto/api/corporation/stores?key=7e72e887-5c99-6f68-122c-7bbfec82c209
[28.10.2025, 09:21:49] DICT: Response is array, length: 3
[28.10.2025, 09:21:49] DICT: Processing 3 potential stores...
[28.10.2025, 09:21:49] DICT: Trying: GET https://esmee-izh.iiko.it/resto/api/departments?key=7e72e887-5c99-6f68-122c-7bbfec82c209
[28.10.2025, 09:21:49] DICT: Endpoint failed: Request failed with status code 404
[28.10.2025, 09:21:49] DICT: Trying: GET https://esmee-izh.iiko.it/resto/api/v2/entities/departments/list?key=7e72e887-5c99-6f68-122c-7bbfec82c209
[28.10.2025, 09:21:49] DICT: Endpoint failed: Request failed with status code 404
[28.10.2025, 09:21:49] DICT: Trying: GET https://esmee-izh.iiko.it/resto/api/corporation/departments?key=7e72e887-5c99-6f68-122c-7bbfec82c209
[28.10.2025, 09:21:49] DICT: Response is array, length: 3
[28.10.2025, 09:21:49] DICT: Processing 3 potential stores...
[28.10.2025, 09:21:49] DICT: ✅ Loaded 0 store mappings
[28.10.2025, 09:21:49] DICT: Loading accounts...
[28.10.2025, 09:21:49] DICT: Endpoint failed: Request failed with status code 404
[28.10.2025, 09:21:49] DICT: Endpoint failed: Request failed with status code 404
[28.10.2025, 09:21:49] DICT: ✅ Loaded 54 accounts
[28.10.2025, 09:21:49] DICT: Loading conceptions...
[28.10.2025, 09:21:49] DICT: Endpoint failed: Request failed with status code 404
[28.10.2025, 09:21:49] DICT: Endpoint failed: Request failed with status code 404
[28.10.2025, 09:21:49] DICT: ✅ Loaded 0 conceptions
[28.10.2025, 09:21:49] DICT: Loading products...
[28.10.2025, 09:21:49] DICT: ✅ Loaded 1701 products
[28.10.2025, 09:21:49] DICT: ========================================
[28.10.2025, 09:21:50] OLAP: ========================================
[28.10.2025, 09:21:50] OLAP: OLAP REQUEST START
[28.10.2025, 09:21:50] OLAP: Report type: writeoffs
[28.10.2025, 09:21:50] WRITEOFFS: ========================================
[28.10.2025, 09:21:50] WRITEOFFS: GET WRITE-OFFS START
[28.10.2025, 09:21:50] WRITEOFFS: Request: GET https://esmee-izh.iiko.it/resto/api/v2/documents/writeoff?key=7e72e887-5c99-6f68-122c-7bbfec82c209&dateFrom=2025-10-21&dateTo=2025-10-28
[28.10.2025, 09:21:50] WRITEOFFS: ✅ Found 63 writeoff documents
[28.10.2025, 09:21:50] WRITEOFFS: ✅ Processed 63 writeoff documents
[28.10.2025, 09:22:02] OLAP: ========================================
[28.10.2025, 09:22:02] OLAP: OLAP REQUEST START
[28.10.2025, 09:22:02] OLAP: Report type: guests
[28.10.2025, 09:22:02] OLAP: Request POST https://esmee-izh.iiko.it/resto/api/v2/reports/olap?key=7e72e887-5c99-6f68-122c-7bbfec82c209
[28.10.2025, 09:22:02] OLAP: Response status: 200
[28.10.2025, 09:22:02] OLAP: ========================================
[28.10.2025, 09:22:17] OLAP: ========================================
[28.10.2025, 09:22:17] OLAP: OLAP REQUEST START
[28.10.2025, 09:22:17] OLAP: Report type: waiters
[28.10.2025, 09:22:17] OLAP: Request POST https://esmee-izh.iiko.it/resto/api/v2/reports/olap?key=7e72e887-5c99-6f68-122c-7bbfec82c209
[28.10.2025, 09:22:18] OLAP: ❌ ERROR: Request failed with status code 400
[28.10.2025, 09:22:19] OLAP: ========================================
[28.10.2025, 09:22:19] OLAP: OLAP REQUEST START
[28.10.2025, 09:22:19] OLAP: Report type: waiters
[28.10.2025, 09:22:19] OLAP: Request POST https://esmee-izh.iiko.it/resto/api/v2/reports/olap?key=7e72e887-5c99-6f68-122c-7bbfec82c209
[28.10.2025, 09:22:19] OLAP: ❌ ERROR: Request failed with status code 400
[28.10.2025, 09:22:20] OLAP: ========================================
[28.10.2025, 09:22:20] OLAP: OLAP REQUEST START
[28.10.2025, 09:22:20] OLAP: Report type: hourly
[28.10.2025, 09:22:20] OLAP: Request POST https://esmee-izh.iiko.it/resto/api/v2/reports/olap?key=7e72e887-5c99-6f68-122c-7bbfec82c209
[28.10.2025, 09:22:21] OLAP: Response status: 200
[28.10.2025, 09:22:21] OLAP: ========================================
[28.10.2025, 10:02:28] SYSTEM: Main window closed
[28.10.2025, 10:02:28] SYSTEM: All windows closed
