[28.10.2025, 08:58:58] SYSTEM: ========================================
[28.10.2025, 08:58:58] SYSTEM: Application started
[28.10.2025, 08:58:58] SYSTEM: Log file: C:\Users\black\Desktop\IIKO\logs\28.10.25 08.58\olap.log
[28.10.2025, 08:58:58] SYSTEM: ========================================
[28.10.2025, 08:58:58] SYSTEM: ========================================
[28.10.2025, 08:58:58] SYSTEM: Electron app ready
[28.10.2025, 08:58:58] SYSTEM: Node version: v20.16.0
[28.10.2025, 08:58:58] SYSTEM: Electron version: 30.5.1
[28.10.2025, 08:58:58] SYSTEM: Platform: win32
[28.10.2025, 08:58:58] SYSTEM: ========================================
[28.10.2025, 08:58:58] SYSTEM: Creating main window...
[28.10.2025, 08:58:58] SYSTEM: ✅ Main window created
[28.10.2025, 08:59:02] AUTH: AUTH START
[28.10.2025, 08:59:02] AUTH: AUTH TRY GET https://esmee-izh.iiko.it/resto/api/v2/auth?login=Nikita&pass=6371a5630b9dc4ebd3cd2b721357f87eee6c5f0c
[28.10.2025, 08:59:03] AUTH: AUTH OK, key=77cac8...
[28.10.2025, 08:59:03] DICT: ========================================
[28.10.2025, 08:59:03] DICT: Loading dictionaries...
[28.10.2025, 08:59:03] DICT: Loading stores...
[28.10.2025, 08:59:03] DICT: Trying: GET https://esmee-izh.iiko.it/resto/api/corporation/stores?key=77cac875-e491-03a9-a79f-37ea1c7962d1
[28.10.2025, 08:59:03] DICT: Response status: 200
[28.10.2025, 08:59:03] DICT: Response data type: object
[28.10.2025, 08:59:03] DICT: Response is array, length: 3
[28.10.2025, 08:59:03] DICT: Processing 3 potential stores...
[28.10.2025, 08:59:03] DICT: First store structure: {}
[28.10.2025, 08:59:03] DICT: Skipped store at index 0: ids=, name=
[28.10.2025, 08:59:03] DICT: Skipped store at index 1: ids=, name=
[28.10.2025, 08:59:03] DICT: Skipped store at index 2: ids=, name=
[28.10.2025, 08:59:03] DICT: No valid stores found in response
[28.10.2025, 08:59:03] DICT: Trying: GET https://esmee-izh.iiko.it/resto/api/departments?key=77cac875-e491-03a9-a79f-37ea1c7962d1
[28.10.2025, 08:59:03] DICT: Endpoint failed: Request failed with status code 404
[28.10.2025, 08:59:03] DICT: Trying: GET https://esmee-izh.iiko.it/resto/api/v2/entities/departments/list?key=77cac875-e491-03a9-a79f-37ea1c7962d1
[28.10.2025, 08:59:03] DICT: Endpoint failed: Request failed with status code 404
[28.10.2025, 08:59:03] DICT: Trying: GET https://esmee-izh.iiko.it/resto/api/corporation/departments?key=77cac875-e491-03a9-a79f-37ea1c7962d1
[28.10.2025, 08:59:03] DICT: Response status: 200
[28.10.2025, 08:59:03] DICT: Response data type: object
[28.10.2025, 08:59:03] DICT: Response is array, length: 3
[28.10.2025, 08:59:03] DICT: Processing 3 potential stores...
[28.10.2025, 08:59:03] DICT: First store structure: {}
[28.10.2025, 08:59:03] DICT: Skipped store at index 0: ids=, name=
[28.10.2025, 08:59:03] DICT: Skipped store at index 1: ids=, name=
[28.10.2025, 08:59:03] DICT: Skipped store at index 2: ids=, name=
[28.10.2025, 08:59:03] DICT: No valid stores found in response
[28.10.2025, 08:59:03] DICT: ✅ Loaded 0 store mappings
[28.10.2025, 08:59:03] DICT: Loading accounts...
[28.10.2025, 08:59:03] DICT: Trying: GET https://esmee-izh.iiko.it/resto/api/v2/payments/paymentTypes?key=77cac875-e491-03a9-a79f-37ea1c7962d1
[28.10.2025, 08:59:03] DICT: Endpoint failed: Request failed with status code 404
[28.10.2025, 08:59:03] DICT: Trying: GET https://esmee-izh.iiko.it/resto/api/accounts?key=77cac875-e491-03a9-a79f-37ea1c7962d1
[28.10.2025, 08:59:03] DICT: Endpoint failed: Request failed with status code 404
[28.10.2025, 08:59:03] DICT: Trying: GET https://esmee-izh.iiko.it/resto/api/v2/entities/accounts/list?key=77cac875-e491-03a9-a79f-37ea1c7962d1
[28.10.2025, 08:59:03] DICT: Account cached: 97036ddb-b2e1-cd47-1669-c145daa9f9c5 -> Расход продуктов
[28.10.2025, 08:59:03] DICT: Account cached: f6f47484-5db3-b58b-5417-8f5a71adcafc -> Нематериальные активы
[28.10.2025, 08:59:03] DICT: Account cached: e1b8f656-2c58-244c-6921-5650dca017eb -> Нераспределенная выручка
[28.10.2025, 08:59:03] DICT: Account cached: ad3cc1aa-a60e-c85c-e66d-3904490de4b9 -> Деньги, выданные под отчет
[28.10.2025, 08:59:03] DICT: Account cached: e0c6f1d8-4483-a946-0734-2585ed233bc4 -> Зарплата
[28.10.2025, 08:59:03] DICT: Account cached: 13000ead-41f0-d569-d85c-704242cc91f5 -> Текущие расчеты с сотрудниками
[28.10.2025, 08:59:03] DICT: Account cached: 95499c03-4a19-0796-d091-36192bffc980 -> Денежные средства, в пути
[28.10.2025, 08:59:03] DICT: Account cached: 15fb045f-db6a-269d-6473-023f3c936fcf -> Торговая выручка без учета скидок
[28.10.2025, 08:59:03] DICT: Account cached: 38a6ccb3-74f6-ee69-bf60-854da6be23d4 -> Коррекция отрицательных остатков на складе
[28.10.2025, 08:59:03] DICT: Account cached: e3468733-865c-412d-07fb-96efa826a81d -> Расчеты с внутренними поставщиками
[28.10.2025, 08:59:03] DICT: Account cached: 5f037083-9e43-8625-d9fa-3d4feeb02744 -> Предоплата за заказы
[28.10.2025, 08:59:03] DICT: Account cached: a418a28b-3d39-61e7-e311-c0ecde381b95 -> Прочие расходы
[28.10.2025, 08:59:03] DICT: Account cached: 74079636-1aaa-f059-f734-c77bb050c4a2 -> Представительские
[28.10.2025, 08:59:03] DICT: Account cached: 6b9232fc-844d-c539-fc02-e449cb2b1eb8 -> Кредиты сотрудникам
[28.10.2025, 08:59:03] DICT: Account cached: efbaafce-5e9a-8bfb-c40d-6033a7aa47b2 -> Полученные кредиты
[28.10.2025, 08:59:03] DICT: Account cached: 67af8bc9-628f-2124-2345-3750bb7db6fa -> Излишки инвентаризации
[28.10.2025, 08:59:03] DICT: Account cached: 6aacad98-dc14-2a85-10fc-0b0261eb8849 -> Оплата недорогих продуктов через фронт
[28.10.2025, 08:59:03] DICT: Account cached: 6b8e5c0b-ddff-685f-3322-e5b58a1e13ed -> Торговые кассы
[28.10.2025, 08:59:03] DICT: Account cached: 13cb218e-3c88-3795-5da7-df7d4fb0fb0e -> Выручка, изъятая под отчет
[28.10.2025, 08:59:03] DICT: Account cached: 56729828-f09b-d58e-04be-ed0f2e4e10e1 -> Задолженность перед поставщиками
[28.10.2025, 08:59:03] DICT: Account cached: 0846dfb3-8345-7528-d9d6-9ef299a2104a -> Денежные средства, безналичные
[28.10.2025, 08:59:03] DICT: Account cached: f1944d16-bd85-268a-53d1-b76b60e2731c -> Предоставленные скидки
[28.10.2025, 08:59:03] DICT: Account cached: 59f13a63-d259-355e-f81b-18dc52f3aca5 -> Денежные средства, наличные
[28.10.2025, 08:59:03] DICT: Account cached: fd07beef-7ffc-3c87-89d8-d82010dc620b -> Вложения капитала
[28.10.2025, 08:59:03] DICT: Account cached: 0c033fb4-c629-b867-3c98-11f924dfebbb -> НДС с продаж
[28.10.2025, 08:59:03] DICT: Account cached: c22d5f70-f6f2-ae76-70a4-3f9118293884 -> Амортизация
[28.10.2025, 08:59:03] DICT: Account cached: 8a11a460-04f3-43fe-a245-bc32a7d22504 -> Торговая выручка
[28.10.2025, 08:59:03] DICT: Account cached: 805e7788-17e7-a46d-f220-a42fdaa7a8fb -> НДС
[28.10.2025, 08:59:03] DICT: Account cached: 3ef73cae-58c8-8c76-9014-c67db241094d -> Начальный капитал
[28.10.2025, 08:59:03] DICT: Account cached: ed1c9cec-016a-f2f8-f404-1b9f8fbfb52d -> Депозиты гостей
[28.10.2025, 08:59:03] DICT: Account cached: dde43e9b-3b2f-330a-2ef6-6b92e69f03c7 -> Изъятия капитала
[28.10.2025, 08:59:03] DICT: Account cached: 32fb90c9-133d-c2c7-c1cf-219449f330a3 -> Авансы поставщиков
[28.10.2025, 08:59:03] DICT: Account cached: 07926ff3-9319-b93e-80ff-1897825fdead -> Недостача инвентаризации
[28.10.2025, 08:59:03] DICT: Account cached: 9ad2ce45-6d8e-f56e-1db3-312c4d3c42c0 -> Депозиты сотрудников
[28.10.2025, 08:59:03] DICT: Account cached: abffc538-c89f-236f-85c3-1f7d00b88c83 -> Денежные средства, банк
[28.10.2025, 08:59:03] DICT: Account cached: 238cf18d-c5d0-9c6b-0071-2341f1e1ab2f -> Основные средства
[28.10.2025, 08:59:03] DICT: Account cached: 678f46b4-dcdc-71df-2872-5c3f3d60779d -> Артистам
[28.10.2025, 08:59:03] DICT: Account cached: 8ccc8f0f-24f6-64d2-5eea-04f829ba381f -> Главная касса
[28.10.2025, 08:59:03] DICT: Account cached: 3f261590-f208-2970-1300-95d2493a3c28 -> Денежные средства, эквайринг
[28.10.2025, 08:59:03] DICT: Account cached: c2495c4d-ef5f-4d1a-9013-9778dd9c88f4 -> Списание на сотрудника
[28.10.2025, 08:59:03] DICT: Account cached: a564b011-3da2-4258-800f-628acdb17646 -> Списания с витрины 
[28.10.2025, 08:59:03] DICT: Account cached: f3e1733a-8b67-44f9-941d-5cfa5340970e -> Списание на сотрудников
[28.10.2025, 08:59:03] DICT: Account cached: eca8fba6-da57-4dc8-9fe5-d6909f6b53b8 -> Брак/Порча
[28.10.2025, 08:59:03] DICT: Account cached: 8db6db95-ed10-4260-84ab-e3498e7a0b31 -> Обеды персонала
[28.10.2025, 08:59:03] DICT: Account cached: 5adfc205-206c-4133-a227-30fc9e7d3015 -> Комплименты для гостей
[28.10.2025, 08:59:03] DICT: Account cached: fb112914-2385-4f22-9281-7f344294a794 -> Аудит/Бракераж
[28.10.2025, 08:59:03] DICT: Account cached: 515db737-7624-470e-b353-ed59e8be48b4 -> Проработки 
[28.10.2025, 08:59:03] DICT: Account cached: eda961de-191d-46a2-b1cb-1ddc19e84a19 -> Для введения инстаграмма 
[28.10.2025, 08:59:03] DICT: Account cached: bbca5be0-a7e4-4112-99eb-672db6992f49 -> Списание Алкоголь
[28.10.2025, 08:59:03] DICT: Account cached: 36762249-83c8-4c8e-9a7c-c2b4e97868aa -> Комплименты для гостей АЛКО
[28.10.2025, 08:59:03] DICT: Account cached: a49efad1-e348-4c57-a805-5718d816faf8 -> Склад Бар
[28.10.2025, 08:59:03] DICT: Account cached: cc4db0a6-3857-4b46-85d7-6460526f3acb -> Склад Хоз. товары
[28.10.2025, 08:59:03] DICT: Account cached: fd44e084-2c39-4c62-b4b2-a0232654e676 -> Склад Кухня
[28.10.2025, 08:59:03] DICT: Account cached: 81c85f3d-264c-4805-af08-a18b5449ee24 -> Хоз. товары
[28.10.2025, 08:59:03] DICT: ✅ Loaded 54 accounts
[28.10.2025, 08:59:03] DICT: Loading conceptions...
[28.10.2025, 08:59:03] DICT: Trying: GET https://esmee-izh.iiko.it/resto/api/corporation/conceptions?key=77cac875-e491-03a9-a79f-37ea1c7962d1
[28.10.2025, 08:59:03] DICT: Endpoint failed: Request failed with status code 404
[28.10.2025, 08:59:03] DICT: Trying: GET https://esmee-izh.iiko.it/resto/api/conceptions?key=77cac875-e491-03a9-a79f-37ea1c7962d1
[28.10.2025, 08:59:03] DICT: Endpoint failed: Request failed with status code 404
[28.10.2025, 08:59:03] DICT: ✅ Loaded 0 conceptions
[28.10.2025, 08:59:03] DICT: Loading products...
[28.10.2025, 08:59:03] DICT: Trying: GET https://esmee-izh.iiko.it/resto/api/products?key=77cac875-e491-03a9-a79f-37ea1c7962d1
[28.10.2025, 08:59:03] DICT: Trying: GET https://esmee-izh.iiko.it/resto/api/v2/entities/products/list?key=77cac875-e491-03a9-a79f-37ea1c7962d1
[28.10.2025, 08:59:03] DICT: Product cached: b7854420-0aa7-4e21-931d-8a9ac160d839 -> Салат из томатов с кремом из феты и оливками
[28.10.2025, 08:59:03] DICT: Product cached: 63dccf0a-470e-4c6b-aa85-7c6ad4100133 -> Инжир вяленый
[28.10.2025, 08:59:03] DICT: Product cached: 208d2387-09af-4cd9-9cbf-60001faea5e7 -> Куриный бульон с домашней лапшой и фрикадельками
[28.10.2025, 08:59:03] DICT: Product cached: 48f48afb-dded-43ae-ad35-2efe98dbd2f5 -> Птичье молоко фисташка Стаф
[28.10.2025, 08:59:03] DICT: Product cached: cddc39be-6337-4fd9-ba6c-85403deec531 -> Тальятелле с морепродуктами и томатным соусом
[28.10.2025, 08:59:03] DICT: ✅ Loaded 1701 products
[28.10.2025, 08:59:03] DICT: ========================================
[28.10.2025, 08:59:04] OLAP: ========================================
[28.10.2025, 08:59:04] OLAP: OLAP REQUEST START
[28.10.2025, 08:59:04] OLAP: Report type: writeoffs
[28.10.2025, 08:59:04] OLAP: Date range: 2025-10-21 to 2025-10-28
[28.10.2025, 08:59:04] WRITEOFFS: ========================================
[28.10.2025, 08:59:04] WRITEOFFS: GET WRITE-OFFS START
[28.10.2025, 08:59:04] WRITEOFFS: Date range: 2025-10-21 to 2025-10-28
[28.10.2025, 08:59:04] WRITEOFFS: Request: GET https://esmee-izh.iiko.it/resto/api/v2/documents/writeoff?key=77cac875-e491-03a9-a79f-37ea1c7962d1&dateFrom=2025-10-21&dateTo=2025-10-28
[28.10.2025, 08:59:04] WRITEOFFS: Response status: 200
[28.10.2025, 08:59:04] WRITEOFFS: ✅ Found 63 writeoff documents
[28.10.2025, 08:59:04] WRITEOFFS: Sample document structure:
[28.10.2025, 08:59:04] WRITEOFFS: - storeId: fd44e084-2c39-4c62-b4b2-a0232654e676
[28.10.2025, 08:59:04] WRITEOFFS: - accountId: 5adfc205-206c-4133-a227-30fc9e7d3015
[28.10.2025, 08:59:04] WRITEOFFS: - conceptionId: undefined
[28.10.2025, 08:59:04] WRITEOFFS: - first item productId: baedf64e-9d79-42fc-8882-87437271572b
[28.10.2025, 08:59:04] WRITEOFFS: Dictionaries status:
[28.10.2025, 08:59:04] WRITEOFFS: - Stores cache size: 0
[28.10.2025, 08:59:04] WRITEOFFS: - Accounts cache size: 54
[28.10.2025, 08:59:04] WRITEOFFS: - Conceptions cache size: 0
[28.10.2025, 08:59:04] WRITEOFFS: - Products cache size: 1701
[28.10.2025, 08:59:04] WRITEOFFS: ✅ Processed 63 writeoff documents
[28.10.2025, 08:59:04] WRITEOFFS: ========================================
[28.10.2025, 08:59:16] OLAP: ========================================
[28.10.2025, 08:59:16] OLAP: OLAP REQUEST START
[28.10.2025, 08:59:16] OLAP: Report type: guests
[28.10.2025, 08:59:16] OLAP: Date range: 2025-10-21 to 2025-10-28
[28.10.2025, 08:59:16] OLAP: Adjusted date range for OLAP: 2025-10-21 to 2025-10-29
[28.10.2025, 08:59:16] OLAP: Request POST https://esmee-izh.iiko.it/resto/api/v2/reports/olap?key=77cac875-e491-03a9-a79f-37ea1c7962d1
[28.10.2025, 08:59:16] OLAP: Request body: {"reportType":"SALES","buildSummary":true,"groupByRowFields":["OpenDate.Typed"],"groupByColFields":[],"aggregateFields":["GuestNum","GuestNum.Avg","UniqOrderId"],"filters":{"OpenDate.Typed":{"filterType":"DateRange","periodType":"CUSTOM","from":"2025-10-21","to":"2025-10-29","includeLow":true,"includeHigh":false},"OrderDeleted":{"filterType":"IncludeValues","values":["NOT_DELETED"]},"DeletedWithWriteoff":{"filterType":"IncludeValues","values":["NOT_DELETED"]}}}
[28.10.2025, 08:59:16] OLAP: Response status: 200
[28.10.2025, 08:59:16] OLAP: Response rows: 7
[28.10.2025, 08:59:16] OLAP: ========================================
[28.10.2025, 08:59:24] OLAP: ========================================
[28.10.2025, 08:59:24] OLAP: OLAP REQUEST START
[28.10.2025, 08:59:24] OLAP: Report type: waiters
[28.10.2025, 08:59:24] OLAP: Date range: 2025-10-21 to 2025-10-28
[28.10.2025, 08:59:24] OLAP: Adjusted date range for OLAP: 2025-10-21 to 2025-10-29
[28.10.2025, 08:59:24] OLAP: Request POST https://esmee-izh.iiko.it/resto/api/v2/reports/olap?key=77cac875-e491-03a9-a79f-37ea1c7962d1
[28.10.2025, 08:59:24] OLAP: Request body: {"reportType":"SALES","buildSummary":true,"groupByRowFields":["OrderWaiter.Name","WaiterName"],"groupByColFields":[],"aggregateFields":["DishSumInt","DishDiscountSumInt"],"filters":{"OpenDate.Typed":{"filterType":"DateRange","periodType":"CUSTOM","from":"2025-10-21","to":"2025-10-29","includeLow":true,"includeHigh":false},"OrderDeleted":{"filterType":"IncludeValues","values":["NOT_DELETED"]},"DeletedWithWriteoff":{"filterType":"IncludeValues","values":["NOT_DELETED"]}}}
[28.10.2025, 08:59:24] OLAP: Response status: 200
[28.10.2025, 08:59:24] OLAP: Response rows: 62
[28.10.2025, 08:59:24] OLAP: ========================================
[28.10.2025, 08:59:33] OLAP: ========================================
[28.10.2025, 08:59:33] OLAP: OLAP REQUEST START
[28.10.2025, 08:59:33] OLAP: Report type: hourly
[28.10.2025, 08:59:33] OLAP: Date range: 2025-10-21 to 2025-10-28
[28.10.2025, 08:59:33] OLAP: Adjusted date range for OLAP: 2025-10-21 to 2025-10-29
[28.10.2025, 08:59:33] OLAP: Request POST https://esmee-izh.iiko.it/resto/api/v2/reports/olap?key=77cac875-e491-03a9-a79f-37ea1c7962d1
[28.10.2025, 08:59:33] OLAP: Request body: {"reportType":"SALES","buildSummary":true,"groupByRowFields":["OpenDate.Typed","HourClose"],"groupByColFields":[],"aggregateFields":["GuestNum","DishSumInt","DishDiscountSumInt","UniqOrderId"],"filters":{"OpenDate.Typed":{"filterType":"DateRange","periodType":"CUSTOM","from":"2025-10-21","to":"2025-10-29","includeLow":true,"includeHigh":false},"OrderDeleted":{"filterType":"IncludeValues","values":["NOT_DELETED"]},"DeletedWithWriteoff":{"filterType":"IncludeValues","values":["NOT_DELETED"]}}}
[28.10.2025, 08:59:33] OLAP: Response status: 200
[28.10.2025, 08:59:33] OLAP: Response rows: 103
[28.10.2025, 08:59:33] OLAP: ========================================
[28.10.2025, 09:21:43] SYSTEM: Main window closed
[28.10.2025, 09:21:43] SYSTEM: All windows closed
[28.10.2025, 09:21:43] SYSTEM: Quitting application
